<?xml version="1.0" encoding="UTF-8"?>
<!-- Generated by org.testng.reporters.JUnitReportReporter -->
<testsuite hostname="TestingWorld-PC" name="org.hcl.testcases.TC_001_Validate_Login_valid_credentials" tests="4" failures="0" timestamp="28 Sep 2017 04:23:57 GMT" time="57.698" errors="0">
  <testcase name="tcase1" time="13.459" classname="org.hcl.testcases.TC_001_Validate_Login_valid_credentials"/>
  <testcase name="tcase1" time="14.028" classname="org.hcl.testcases.TC_001_Validate_Login_valid_credentials"/>
  <testcase name="tcase1" time="14.058" classname="org.hcl.testcases.TC_001_Validate_Login_valid_credentials"/>
  <testcase name="tcase1" time="16.153" classname="org.hcl.testcases.TC_001_Validate_Login_valid_credentials"/>
</testsuite> <!-- org.hcl.testcases.TC_001_Validate_Login_valid_credentials -->
